2024-11-05T10:23:15.234Z [INFO] Starting workflow run for 'Terraform Infrastructure Deployment'
2024-11-05T10:23:15.567Z [INFO] Trigger: push to main branch
2024-11-05T10:23:15.789Z [INFO] Commit: a7f3d92 - "Update VPC configuration"

===== JOB: terraform-validate =====
2024-11-05T10:23:18.123Z [INFO] Starting job 'terraform-validate' on runner 'ubuntu-latest-1'
2024-11-05T10:23:20.456Z [STEP] actions/checkout@v2
2024-11-05T10:23:22.789Z [INFO] Checking out repository to /home/runner/work/infra/infra
2024-11-05T10:23:24.123Z [INFO] Checkout completed successfully

2024-11-05T10:23:24.456Z [STEP] Setup Terraform
2024-11-05T10:23:25.789Z [INFO] Downloading Terraform v1.5.0
2024-11-05T10:23:28.123Z [INFO] Terraform installed successfully
2024-11-05T10:23:28.456Z [INFO] terraform version: Terraform v1.5.0

2024-11-05T10:23:28.789Z [STEP] Terraform Format Check
2024-11-05T10:23:29.123Z [CMD] terraform fmt -check
2024-11-05T10:23:29.456Z [WARN] main.tf differs from canonical format
2024-11-05T10:23:29.567Z [WARN] variables.tf differs from canonical format
2024-11-05T10:23:29.789Z [ERROR] Format check failed
2024-11-05T10:23:29.890Z [ERROR] Exit code: 1

2024-11-05T10:23:30.123Z [INFO] Job 'terraform-validate' failed
2024-11-05T10:23:30.234Z [ERROR] Workflow failed in terraform-validate job
2024-11-05T10:23:30.345Z [INFO] Duration: 12 seconds

===== FAILURE SUMMARY =====
Failed Job: terraform-validate
Failed Step: Terraform Format Check
Exit Code: 1
Error Type: Format validation error
Root Cause: Terraform files not formatted according to canonical format
Recommendation: Run 'terraform fmt' to auto-format files before committing

===== SUBSEQUENT JOBS SKIPPED =====
- terraform-plan (skipped due to dependency failure)
- terraform-apply (skipped due to dependency failure)

===== WORKFLOW STATISTICS =====
Total Duration: 12 seconds
Jobs Completed: 0/3
Jobs Failed: 1/3
Jobs Skipped: 2/3
Total Cost: $0.003
Runner Time Wasted: 8 seconds on failed validation